<?xml version="1.0" encoding="UTF-8"?>
<testng-results skipped="0" failed="0" ignored="0" total="1" passed="1">
  <reporter-output>
  </reporter-output>
  <suite name="Suite" duration-ms="88482" started-at="2020-08-12T23:16:34Z" finished-at="2020-08-12T23:18:02Z">
    <groups>
    </groups>
    <test name="Test" duration-ms="88482" started-at="2020-08-12T23:16:34Z" finished-at="2020-08-12T23:18:02Z">
      <class name="regressionScript.regressionScript">
        <test-method status="PASS" signature="test1()[pri:0, instance:regressionScript.regressionScript@9629756]" name="test1" duration-ms="88401" started-at="2020-08-13T04:46:34Z" finished-at="2020-08-13T04:48:02Z">
          <reporter-output>
          </reporter-output>
        </test-method> <!-- test1 -->
      </class> <!-- regressionScript.regressionScript -->
    </test> <!-- Test -->
  </suite> <!-- Suite -->
</testng-results>
